<?xml version="1.0" encoding="UTF-8"?>
<!-- Generated by org.testng.reporters.JUnitXMLReporter -->
<testsuite ignored="0" hostname="DESKTOP-DELL" failures="1" tests="6" name="Test" time="52.805" errors="0" timestamp="2020-08-01T19:27:39 IST">
  <testcase classname="com.testScript.TestAppScript" name="testLoginPage" time="6.69"/>
  <testcase classname="com.testScript.TestAppScript" name="testVerifyLogo" time="1.582">
    <failure type="java.lang.AssertionError" message="expected [Flipkart] but found [Supermart]">
      <![CDATA[java.lang.AssertionError: expected [Flipkart] but found [Supermart]
at com.testScript.AppScript.verifyLogo(AppScript.java:120)
at com.testScript.TestAppScript.testVerifyLogo(TestAppScript.java:18)
at java.base/java.util.ArrayList.forEach(ArrayList.java:1540)
... Removed 35 stack frames]]>
    </failure>
  </testcase> <!-- testVerifyLogo -->
  <testcase classname="com.testScript.TestAppScript" name="testProductSelection" time="6.419"/>
  <testcase classname="com.testScript.TestAppScript" name="testAddToBasket" time="1.466"/>
  <testcase classname="com.testScript.TestAppScript" name="testComparePrice" time="0.0"/>
  <testcase classname="com.testScript.TestAppScript" name="detailsOfTestCases" time="0.02"/>
</testsuite> <!-- Test -->
