<?xml version="1.0" encoding="UTF-8"?>
<testng-results ignored="0" total="6" passed="5" failed="1" skipped="0">
  <reporter-output>
    <line>
      <![CDATA[Able to capture Screenshot]]>
    </line>
    <line>
      <![CDATA[Product Title: Dettol Original Liquid Hand Wash Refill Hand Wash Pouch]]>
    </line>
    <line>
      <![CDATA[Product price: 109]]>
    </line>
    <line>
      <![CDATA[All price are same]]>
    </line>
  </reporter-output>
  <suite started-at="2020-08-01T19:26:46 IST" name="Suite" finished-at="2020-08-01T19:27:38 IST" duration-ms="52805">
    <groups>
      <group name="testMethods">
        <method signature="TestAppScript.testLoginPage()[pri:0, instance:com.testScript.TestAppScript@74235045]" name="testLoginPage" class="com.testScript.TestAppScript"/>
      </group> <!-- testMethods -->
    </groups>
    <test started-at="2020-08-01T19:26:46 IST" name="Test" finished-at="2020-08-01T19:27:38 IST" duration-ms="52805">
      <class name="com.testScript.TestAppScript">
        <test-method is-config="true" signature="setReport()[pri:0, instance:com.testScript.TestAppScript@74235045]" started-at="2020-08-01T19:26:45 IST" name="setReport" finished-at="2020-08-01T19:26:46 IST" duration-ms="348" status="PASS">
          <reporter-output>
          </reporter-output>
        </test-method> <!-- setReport -->
        <test-method is-config="true" signature="preCondition(java.lang.String)[pri:0, instance:com.testScript.TestAppScript@74235045]" started-at="2020-08-01T19:26:46 IST" name="preCondition" finished-at="2020-08-01T19:27:10 IST" duration-ms="24154" status="PASS">
          <params>
            <param index="0">
              <value>
                <![CDATA[chrome]]>
              </value>
            </param>
          </params>
          <reporter-output>
          </reporter-output>
        </test-method> <!-- preCondition -->
        <test-method signature="testLoginPage()[pri:0, instance:com.testScript.TestAppScript@74235045]" started-at="2020-08-01T19:27:10 IST" name="testLoginPage" description="this method is used to login in an application" finished-at="2020-08-01T19:27:17 IST" duration-ms="6690" status="PASS">
          <reporter-output>
          </reporter-output>
        </test-method> <!-- testLoginPage -->
        <test-method is-config="true" signature="captureScreenshot(org.testng.ITestResult)[pri:0, instance:com.testScript.TestAppScript@74235045]" started-at="2020-08-01T19:27:17 IST" name="captureScreenshot" finished-at="2020-08-01T19:27:18 IST" duration-ms="1779" status="PASS">
          <params>
            <param index="0">
              <value>
                <![CDATA[[TestResult name=testLoginPage status=SUCCESS method=TestAppScript.testLoginPage()[pri:0, instance:com.testScript.TestAppScript@74235045] output={null}]]]>
              </value>
            </param>
          </params>
          <reporter-output>
          </reporter-output>
        </test-method> <!-- captureScreenshot -->
        <test-method signature="testVerifyLogo()[pri:1, instance:com.testScript.TestAppScript@74235045]" started-at="2020-08-01T19:27:18 IST" name="testVerifyLogo" description="this method is used to verify logo of application" depends-on-groups="testMethods" finished-at="2020-08-01T19:27:20 IST" duration-ms="1582" status="FAIL">
          <exception class="java.lang.AssertionError">
            <message>
              <![CDATA[expected [Flipkart] but found [Supermart]]]>
            </message>
            <full-stacktrace>
              <![CDATA[java.lang.AssertionError: expected [Flipkart] but found [Supermart]
at org.testng.Assert.fail(Assert.java:97)
at org.testng.Assert.assertEqualsImpl(Assert.java:136)
at org.testng.Assert.assertEquals(Assert.java:118)
at org.testng.Assert.assertEquals(Assert.java:575)
at org.testng.Assert.assertEquals(Assert.java:585)
at com.testScript.AppScript.verifyLogo(AppScript.java:120)
at com.testScript.TestAppScript.testVerifyLogo(TestAppScript.java:18)
at java.base/jdk.internal.reflect.NativeMethodAccessorImpl.invoke0(Native Method)
at java.base/jdk.internal.reflect.NativeMethodAccessorImpl.invoke(NativeMethodAccessorImpl.java:62)
at java.base/jdk.internal.reflect.DelegatingMethodAccessorImpl.invoke(DelegatingMethodAccessorImpl.java:43)
at java.base/java.lang.reflect.Method.invoke(Method.java:566)
at org.testng.internal.MethodInvocationHelper.invokeMethod(MethodInvocationHelper.java:134)
at org.testng.internal.TestInvoker.invokeMethod(TestInvoker.java:597)
at org.testng.internal.TestInvoker.invokeTestMethod(TestInvoker.java:173)
at org.testng.internal.MethodRunner.runInSequence(MethodRunner.java:46)
at org.testng.internal.TestInvoker$MethodInvocationAgent.invoke(TestInvoker.java:816)
at org.testng.internal.TestInvoker.invokeTestMethods(TestInvoker.java:146)
at org.testng.internal.TestMethodWorker.invokeTestMethods(TestMethodWorker.java:146)
at org.testng.internal.TestMethodWorker.run(TestMethodWorker.java:128)
at java.base/java.util.ArrayList.forEach(ArrayList.java:1540)
at org.testng.TestRunner.privateRun(TestRunner.java:766)
at org.testng.TestRunner.run(TestRunner.java:587)
at org.testng.SuiteRunner.runTest(SuiteRunner.java:384)
at org.testng.SuiteRunner.runSequentially(SuiteRunner.java:378)
at org.testng.SuiteRunner.privateRun(SuiteRunner.java:337)
at org.testng.SuiteRunner.run(SuiteRunner.java:286)
at org.testng.SuiteRunnerWorker.runSuite(SuiteRunnerWorker.java:53)
at org.testng.SuiteRunnerWorker.run(SuiteRunnerWorker.java:96)
at org.testng.TestNG.runSuitesSequentially(TestNG.java:1187)
at org.testng.TestNG.runSuitesLocally(TestNG.java:1109)
at org.testng.TestNG.runSuites(TestNG.java:1039)
at org.testng.TestNG.run(TestNG.java:1007)
at org.apache.maven.surefire.testng.TestNGExecutor.run(TestNGExecutor.java:281)
at org.apache.maven.surefire.testng.TestNGXmlTestSuite.execute(TestNGXmlTestSuite.java:75)
at org.apache.maven.surefire.testng.TestNGProvider.invoke(TestNGProvider.java:121)
at org.apache.maven.surefire.booter.ForkedBooter.invokeProviderInSameClassLoader(ForkedBooter.java:290)
at org.apache.maven.surefire.booter.ForkedBooter.runSuitesInProcess(ForkedBooter.java:242)
at org.apache.maven.surefire.booter.ForkedBooter.main(ForkedBooter.java:121)
]]>
            </full-stacktrace>
          </exception> <!-- java.lang.AssertionError -->
          <reporter-output>
          </reporter-output>
        </test-method> <!-- testVerifyLogo -->
        <test-method is-config="true" signature="captureScreenshot(org.testng.ITestResult)[pri:0, instance:com.testScript.TestAppScript@74235045]" started-at="2020-08-01T19:27:21 IST" name="captureScreenshot" finished-at="2020-08-01T19:27:23 IST" duration-ms="2020" status="PASS">
          <params>
            <param index="0">
              <value>
                <![CDATA[[TestResult name=testVerifyLogo status=FAILURE method=TestAppScript.testVerifyLogo()[pri:1, instance:com.testScript.TestAppScript@74235045] output={null}]]]>
              </value>
            </param>
          </params>
          <reporter-output>
            <line>
              <![CDATA[Able to capture Screenshot]]>
            </line>
          </reporter-output>
        </test-method> <!-- captureScreenshot -->
        <test-method signature="testProductSelection()[pri:2, instance:com.testScript.TestAppScript@74235045]" started-at="2020-08-01T19:27:23 IST" name="testProductSelection" description="this method is used to select product from product page" depends-on-groups="testMethods" finished-at="2020-08-01T19:27:29 IST" duration-ms="6419" status="PASS">
          <reporter-output>
            <line>
              <![CDATA[Product Title: Dettol Original Liquid Hand Wash Refill Hand Wash Pouch]]>
            </line>
            <line>
              <![CDATA[Product price: 109]]>
            </line>
          </reporter-output>
        </test-method> <!-- testProductSelection -->
        <test-method is-config="true" signature="captureScreenshot(org.testng.ITestResult)[pri:0, instance:com.testScript.TestAppScript@74235045]" started-at="2020-08-01T19:27:29 IST" name="captureScreenshot" finished-at="2020-08-01T19:27:29 IST" duration-ms="151" status="PASS">
          <params>
            <param index="0">
              <value>
                <![CDATA[[TestResult name=testProductSelection status=SUCCESS method=TestAppScript.testProductSelection()[pri:2, instance:com.testScript.TestAppScript@74235045] output=Product Title: Dettol Original Liquid Hand Wash Refill Hand Wash Pouch]]]>
              </value>
            </param>
          </params>
          <reporter-output>
          </reporter-output>
        </test-method> <!-- captureScreenshot -->
        <test-method signature="testAddToBasket()[pri:0, instance:com.testScript.TestAppScript@74235045]" started-at="2020-08-01T19:27:29 IST" name="testAddToBasket" description="this method is used to add a selected product to the basket" finished-at="2020-08-01T19:27:31 IST" depends-on-methods="com.testScript.TestAppScript.testProductSelection" duration-ms="1466" status="PASS">
          <reporter-output>
          </reporter-output>
        </test-method> <!-- testAddToBasket -->
        <test-method is-config="true" signature="captureScreenshot(org.testng.ITestResult)[pri:0, instance:com.testScript.TestAppScript@74235045]" started-at="2020-08-01T19:27:31 IST" name="captureScreenshot" finished-at="2020-08-01T19:27:31 IST" duration-ms="239" status="PASS">
          <params>
            <param index="0">
              <value>
                <![CDATA[[TestResult name=testAddToBasket status=SUCCESS method=TestAppScript.testAddToBasket()[pri:0, instance:com.testScript.TestAppScript@74235045] output={null}]]]>
              </value>
            </param>
          </params>
          <reporter-output>
          </reporter-output>
        </test-method> <!-- captureScreenshot -->
        <test-method is-config="true" signature="captureScreenshot(org.testng.ITestResult)[pri:0, instance:com.testScript.TestAppScript@74235045]" started-at="2020-08-01T19:27:31 IST" name="captureScreenshot" finished-at="2020-08-01T19:27:31 IST" duration-ms="479" status="PASS">
          <params>
            <param index="0">
              <value>
                <![CDATA[[TestResult name=testComparePrice status=SUCCESS method=TestAppScript.testComparePrice()[pri:0, instance:com.testScript.TestAppScript@74235045] output=All price are same]]]>
              </value>
            </param>
          </params>
          <reporter-output>
          </reporter-output>
        </test-method> <!-- captureScreenshot -->
        <test-method signature="testComparePrice()[pri:0, instance:com.testScript.TestAppScript@74235045]" started-at="2020-08-01T19:27:31 IST" name="testComparePrice" description="this method is used to compare the price whether it is same or not" finished-at="2020-08-01T19:27:31 IST" depends-on-methods="com.testScript.TestAppScript.testAddToBasket" duration-ms="0" status="PASS">
          <reporter-output>
            <line>
              <![CDATA[All price are same]]>
            </line>
          </reporter-output>
        </test-method> <!-- testComparePrice -->
        <test-method signature="detailsOfTestCases()[pri:0, instance:com.testScript.TestAppScript@74235045]" started-at="2020-08-01T19:27:31 IST" name="detailsOfTestCases" finished-at="2020-08-01T19:27:31 IST" depends-on-methods="com.testScript.TestAppScript.testComparePrice, com.testScript.TestAppScript.testAddToBasket, com.testScript.TestAppScript.testLoginPage, com.testScript.TestAppScript.testProductSelection" duration-ms="20" status="PASS">
          <reporter-output>
          </reporter-output>
        </test-method> <!-- detailsOfTestCases -->
        <test-method is-config="true" signature="captureScreenshot(org.testng.ITestResult)[pri:0, instance:com.testScript.TestAppScript@74235045]" started-at="2020-08-01T19:27:31 IST" name="captureScreenshot" finished-at="2020-08-01T19:27:32 IST" duration-ms="212" status="PASS">
          <params>
            <param index="0">
              <value>
                <![CDATA[[TestResult name=detailsOfTestCases status=SUCCESS method=TestAppScript.detailsOfTestCases()[pri:0, instance:com.testScript.TestAppScript@74235045] output={null}]]]>
              </value>
            </param>
          </params>
          <reporter-output>
          </reporter-output>
        </test-method> <!-- captureScreenshot -->
        <test-method is-config="true" signature="postCondition()[pri:0, instance:com.testScript.TestAppScript@74235045]" started-at="2020-08-01T19:27:32 IST" name="postCondition" finished-at="2020-08-01T19:27:38 IST" duration-ms="6855" status="PASS">
          <reporter-output>
          </reporter-output>
        </test-method> <!-- postCondition -->
      </class> <!-- com.testScript.TestAppScript -->
    </test> <!-- Test -->
  </suite> <!-- Suite -->
</testng-results>
