<?xml version="1.0" encoding="UTF-8"?>
<!-- Generated by org.testng.reporters.JUnitXMLReporter -->
<testsuite ignored="0" hostname="DESKTOP-DELL" failures="1" tests="6" name="TestChrome" time="26.177" errors="0" timestamp="2020-06-26T13:49:40 IST">
  <testcase classname="com.testScript.TestAppScript" name="testLoginPage" time="1.564"/>
  <testcase classname="com.testScript.TestAppScript" name="testVerifyLogo" time="1.9">
    <failure type="java.lang.AssertionError" message="expected [Flipkart] but found [Supermart]">
      <![CDATA[java.lang.AssertionError: expected [Flipkart] but found [Supermart]
at com.testScript.AppScript.verifyLogo(AppScript.java:134)
at com.testScript.TestAppScript.testVerifyLogo(TestAppScript.java:19)
at java.base/java.util.ArrayList.forEach(ArrayList.java:1540)
... Removed 32 stack frames]]>
    </failure>
  </testcase> <!-- testVerifyLogo -->
  <testcase classname="com.testScript.TestAppScript" name="testProductSelection" time="7.256"/>
  <testcase classname="com.testScript.TestAppScript" name="testAddToBasket" time="1.542"/>
  <testcase classname="com.testScript.TestAppScript" name="testComparePrice" time="0.494"/>
  <testcase classname="com.testScript.TestAppScript" name="detailsoftestcases" time="0.007"/>
</testsuite> <!-- TestChrome -->
