<?xml version="1.0" encoding="UTF-8"?>
<!-- Generated by org.testng.reporters.JUnitReportReporter -->
<testsuite hostname="DESKTOP-DELL" failures="1" tests="6" name="com.testScript.TestAppScript" time="15.399" errors="0" timestamp="2020-06-26T14:31:49 IST" skipped="0">
  <testcase classname="com.testScript.TestAppScript" name="testComparePrice" time="0.437"/>
  <system-out>
Delivery Charges: 50 Delivery Charges + Product price = 199 All price are different Total price for the product is not equal to total amount to be paid  </system-out>
  <testcase classname="com.testScript.TestAppScript" name="testLoginPage" time="6.202"/>
  <system-out/>
  <testcase classname="com.testScript.TestAppScript" name="detailsoftestcases" time="0.609"/>
  <system-out/>
  <testcase classname="com.testScript.TestAppScript" name="testAddToBasket" time="2.160"/>
  <system-out/>
  <testcase classname="com.testScript.TestAppScript" name="testVerifyLogo" time="0.360">
    <failure message="expected [Flipkart] but found [Supermart]" type="java.lang.AssertionError">
      <![CDATA[java.lang.AssertionError: expected [Flipkart] but found [Supermart]
at org.testng.Assert.fail(Assert.java:97)
at org.testng.Assert.assertEqualsImpl(Assert.java:136)
at org.testng.Assert.assertEquals(Assert.java:118)
at org.testng.Assert.assertEquals(Assert.java:575)
at org.testng.Assert.assertEquals(Assert.java:585)
at com.testScript.AppScript.verifyLogo(AppScript.java:134)
at com.testScript.TestAppScript.testVerifyLogo(TestAppScript.java:19)
at java.base/jdk.internal.reflect.NativeMethodAccessorImpl.invoke0(Native Method)
at java.base/jdk.internal.reflect.NativeMethodAccessorImpl.invoke(NativeMethodAccessorImpl.java:62)
at java.base/jdk.internal.reflect.DelegatingMethodAccessorImpl.invoke(DelegatingMethodAccessorImpl.java:43)
at java.base/java.lang.reflect.Method.invoke(Method.java:566)
at org.testng.internal.MethodInvocationHelper.invokeMethod(MethodInvocationHelper.java:134)
at org.testng.internal.TestInvoker.invokeMethod(TestInvoker.java:597)
at org.testng.internal.TestInvoker.invokeTestMethod(TestInvoker.java:173)
at org.testng.internal.MethodRunner.runInSequence(MethodRunner.java:46)
at org.testng.internal.TestInvoker$MethodInvocationAgent.invoke(TestInvoker.java:816)
at org.testng.internal.TestInvoker.invokeTestMethods(TestInvoker.java:146)
at org.testng.internal.TestMethodWorker.invokeTestMethods(TestMethodWorker.java:146)
at org.testng.internal.TestMethodWorker.run(TestMethodWorker.java:128)
at java.base/java.util.ArrayList.forEach(ArrayList.java:1540)
at org.testng.TestRunner.privateRun(TestRunner.java:766)
at org.testng.TestRunner.run(TestRunner.java:587)
at org.testng.SuiteRunner.runTest(SuiteRunner.java:384)
at org.testng.SuiteRunner.runSequentially(SuiteRunner.java:378)
at org.testng.SuiteRunner.privateRun(SuiteRunner.java:337)
at org.testng.SuiteRunner.run(SuiteRunner.java:286)
at org.testng.SuiteRunnerWorker.runSuite(SuiteRunnerWorker.java:53)
at org.testng.SuiteRunnerWorker.run(SuiteRunnerWorker.java:96)
at org.testng.TestNG.runSuitesSequentially(TestNG.java:1187)
at org.testng.TestNG.runSuitesLocally(TestNG.java:1109)
at org.testng.TestNG.runSuites(TestNG.java:1039)
at org.testng.TestNG.run(TestNG.java:1007)
at org.testng.remote.AbstractRemoteTestNG.run(AbstractRemoteTestNG.java:115)
at org.testng.remote.RemoteTestNG.initAndRun(RemoteTestNG.java:251)
at org.testng.remote.RemoteTestNG.main(RemoteTestNG.java:77)
]]>
    </failure>
  </testcase> <!-- testVerifyLogo -->
  <system-out/>
  <testcase classname="com.testScript.TestAppScript" name="testProductSelection" time="5.631"/>
  <system-out>
Product Title: Dettol Original Liquid Hand Wash Refill Hand Wash Bottl... Product price: 149  </system-out>
</testsuite> <!-- com.testScript.TestAppScript -->
